#
# There is insufficient memory for the Java Runtime Environment to continue.
# Native memory allocation (malloc) failed to allocate 65552 bytes for Chunk::new
# Possible reasons:
#   The system is out of physical RAM or swap space
#   In 32 bit mode, the process size limit was hit
# Possible solutions:
#   Reduce memory load on the system
#   Increase physical memory or swap space
#   Check if swap backing store is full
#   Use 64 bit Java on a 64 bit OS
#   Decrease Java heap size (-Xmx/-Xms)
#   Decrease number of Java threads
#   Decrease Java thread stack sizes (-Xss)
#   Set larger code cache with -XX:ReservedCodeCacheSize=
# This output file may be truncated or incomplete.
#
#  Out of Memory Error (allocation.cpp:323), pid=11288, tid=9724
#
# JRE version: Java(TM) SE Runtime Environment (7.0_40-b43) (build 1.7.0_40-b43)
# Java VM: Java HotSpot(TM) 64-Bit Server VM (24.0-b56 mixed mode windows-amd64 compressed oops)
# Failed to write core dump. Minidumps are not enabled by default on client versions of Windows
#

---------------  T H R E A D  ---------------

Current thread (0x000000000b426000):  JavaThread "C2 CompilerThread0" daemon [_thread_in_native, id=9724, stack(0x000000000c9b0000,0x000000000cab0000)]

Stack: [0x000000000c9b0000,0x000000000cab0000]

Current CompileTask:
C2:  26193  849             java.math.BigInteger::<init> (360 bytes)


---------------  P R O C E S S  ---------------

Java Threads: ( => current thread )
  0x000000000b432000 JavaThread "Service Thread" daemon [_thread_blocked, id=10872, stack(0x000000000cbb0000,0x000000000ccb0000)]
  0x000000000b427800 JavaThread "C2 CompilerThread1" daemon [_thread_in_native, id=9100, stack(0x000000000cab0000,0x000000000cbb0000)]
=>0x000000000b426000 JavaThread "C2 CompilerThread0" daemon [_thread_in_native, id=9724, stack(0x000000000c9b0000,0x000000000cab0000)]
  0x000000000b424000 JavaThread "Attach Listener" daemon [_thread_blocked, id=3536, stack(0x000000000c8b0000,0x000000000c9b0000)]
  0x000000000b421000 JavaThread "Signal Dispatcher" daemon [_thread_blocked, id=6944, stack(0x000000000c7b0000,0x000000000c8b0000)]
  0x000000000b3ef000 JavaThread "Finalizer" daemon [_thread_blocked, id=6252, stack(0x000000000c6b0000,0x000000000c7b0000)]
  0x000000000b3e4000 JavaThread "Reference Handler" daemon [_thread_blocked, id=4716, stack(0x000000000c5b0000,0x000000000c6b0000)]
  0x00000000031a2800 JavaThread "main" [_thread_in_native, id=12248, stack(0x00000000030a0000,0x00000000031a0000)]

Other Threads:
  0x000000000b3e2000 VMThread [stack: 0x000000000c4b0000,0x000000000c5b0000] [id=4444]
  0x000000000b446000 WatcherThread [stack: 0x000000000ccb0000,0x000000000cdb0000] [id=12196]

VM state:not at safepoint (normal execution)

VM Mutex/Monitor currently owned by a thread: None

Heap
 PSYoungGen      total 74752K, used 45158K [0x00000007d6480000, 0x00000007dbd80000, 0x0000000800000000)
  eden space 61440K, 65% used [0x00000007d6480000,0x00000007d8bf6cb0,0x00000007da080000)
  from space 13312K, 35% used [0x00000007daf80000,0x00000007db422df8,0x00000007dbc80000)
  to   space 14848K, 0% used [0x00000007da080000,0x00000007da080000,0x00000007daf00000)
 ParOldGen       total 84992K, used 22796K [0x0000000782e00000, 0x0000000788100000, 0x00000007d6480000)
  object space 84992K, 26% used [0x0000000782e00000,0x0000000784443320,0x0000000788100000)
 PSPermGen       total 27136K, used 26955K [0x000000077dc00000, 0x000000077f680000, 0x0000000782e00000)
  object space 27136K, 99% used [0x000000077dc00000,0x000000077f652e90,0x000000077f680000)

Card table byte_map: [0x00000000062a0000,0x00000000066c0000] byte_map_base: 0x00000000026b2000

Polling page: 0x00000000016d0000

Code Cache  [0x00000000032a0000, 0x0000000003540000, 0x00000000062a0000)
 total_blobs=1140 nmethods=784 adapters=307 free_code_cache=46562Kb largest_free_block=47583296

Compilation events (10 events):
Event: 26.100 Thread 0x000000000b426000 nmethod 844 0x00000000033ba5d0 code [0x00000000033ba720, 0x00000000033ba7f8]
Event: 26.101 Thread 0x000000000b426000  845             java.util.LinkedHashMap$EntryIterator::next (5 bytes)
Event: 26.102 Thread 0x000000000b426000 nmethod 845 0x0000000003394710 code [0x0000000003394860, 0x0000000003394938]
Event: 26.122 Thread 0x000000000b426000  846 %           java.lang.Integer::parseInt @ 173 (261 bytes)
Event: 26.132 Thread 0x000000000b426000 nmethod 846% 0x000000000334f850 code [0x000000000334f9c0, 0x0000000003350108]
Event: 26.132 Thread 0x000000000b426000  847             java.math.BigInteger::destructiveMulAdd (150 bytes)
Event: 26.137 Thread 0x000000000b426000 nmethod 847 0x0000000003393fd0 code [0x0000000003394100, 0x0000000003394398]
Event: 26.138 Thread 0x000000000b426000  848             java.lang.Integer::parseInt (261 bytes)
Event: 26.145 Thread 0x000000000b426000 nmethod 848 0x000000000341ad50 code [0x000000000341af00, 0x000000000341b5c0]
Event: 26.145 Thread 0x000000000b426000  849             java.math.BigInteger::<init> (360 bytes)

GC Heap History (10 events):
Event: 7.462 GC heap before
{Heap before GC invocations=4 (full 0):
 PSYoungGen      total 70656K, used 70640K [0x00000007d6480000, 0x00000007dae80000, 0x0000000800000000)
  eden space 65536K, 100% used [0x00000007d6480000,0x00000007da480000,0x00000007da480000)
  from space 5120K, 99% used [0x00000007da480000,0x00000007da97c010,0x00000007da980000)
  to   space 5120K, 0% used [0x00000007da980000,0x00000007da980000,0x00000007dae80000)
 ParOldGen       total 84992K, used 8936K [0x0000000782e00000, 0x0000000788100000, 0x00000007d6480000)
  object space 84992K, 10% used [0x0000000782e00000,0x00000007836ba200,0x0000000788100000)
 PSPermGen       total 21504K, used 14693K [0x000000077dc00000, 0x000000077f100000, 0x0000000782e00000)
  object space 21504K, 68% used [0x000000077dc00000,0x000000077ea594e8,0x000000077f100000)
Event: 7.475 GC heap after
Heap after GC invocations=4 (full 0):
 PSYoungGen      total 70656K, used 5104K [0x00000007d6480000, 0x00000007dae80000, 0x0000000800000000)
  eden space 65536K, 0% used [0x00000007d6480000,0x00000007d6480000,0x00000007da480000)
  from space 5120K, 99% used [0x00000007da980000,0x00000007dae7c010,0x00000007dae80000)
  to   space 5120K, 0% used [0x00000007da480000,0x00000007da480000,0x00000007da980000)
 ParOldGen       total 84992K, used 14810K [0x0000000782e00000, 0x0000000788100000, 0x00000007d6480000)
  object space 84992K, 17% used [0x0000000782e00000,0x0000000783c76960,0x0000000788100000)
 PSPermGen       total 21504K, used 14693K [0x000000077dc00000, 0x000000077f100000, 0x0000000782e00000)
  object space 21504K, 68% used [0x000000077dc00000,0x000000077ea594e8,0x000000077f100000)
}
Event: 12.156 GC heap before
{Heap before GC invocations=5 (full 0):
 PSYoungGen      total 70656K, used 70640K [0x00000007d6480000, 0x00000007dae80000, 0x0000000800000000)
  eden space 65536K, 100% used [0x00000007d6480000,0x00000007da480000,0x00000007da480000)
  from space 5120K, 99% used [0x00000007da980000,0x00000007dae7c010,0x00000007dae80000)
  to   space 5120K, 0% used [0x00000007da480000,0x00000007da480000,0x00000007da980000)
 ParOldGen       total 84992K, used 14810K [0x0000000782e00000, 0x0000000788100000, 0x00000007d6480000)
  object space 84992K, 17% used [0x0000000782e00000,0x0000000783c76960,0x0000000788100000)
 PSPermGen       total 21504K, used 15524K [0x000000077dc00000, 0x000000077f100000, 0x0000000782e00000)
  object space 21504K, 72% used [0x000000077dc00000,0x000000077eb29238,0x000000077f100000)
Event: 12.169 GC heap after
Heap after GC invocations=5 (full 0):
 PSYoungGen      total 68608K, used 5104K [0x00000007d6480000, 0x00000007dbc80000, 0x0000000800000000)
  eden space 63488K, 0% used [0x00000007d6480000,0x00000007d6480000,0x00000007da280000)
  from space 5120K, 99% used [0x00000007da480000,0x00000007da97c010,0x00000007da980000)
  to   space 13312K, 0% used [0x00000007daf80000,0x00000007daf80000,0x00000007dbc80000)
 ParOldGen       total 84992K, used 18323K [0x0000000782e00000, 0x0000000788100000, 0x00000007d6480000)
  object space 84992K, 21% used [0x0000000782e00000,0x0000000783fe4ea8,0x0000000788100000)
 PSPermGen       total 21504K, used 15524K [0x000000077dc00000, 0x000000077f100000, 0x0000000782e00000)
  object space 21504K, 72% used [0x000000077dc00000,0x000000077eb29238,0x000000077f100000)
}
Event: 20.872 GC heap before
{Heap before GC invocations=6 (full 0):
 PSYoungGen      total 68608K, used 68592K [0x00000007d6480000, 0x00000007dbc80000, 0x0000000800000000)
  eden space 63488K, 100% used [0x00000007d6480000,0x00000007da280000,0x00000007da280000)
  from space 5120K, 99% used [0x00000007da480000,0x00000007da97c010,0x00000007da980000)
  to   space 13312K, 0% used [0x00000007daf80000,0x00000007daf80000,0x00000007dbc80000)
 ParOldGen       total 84992K, used 18323K [0x0000000782e00000, 0x0000000788100000, 0x00000007d6480000)
  object space 84992K, 21% used [0x0000000782e00000,0x0000000783fe4ea8,0x0000000788100000)
 PSPermGen       total 22016K, used 21712K [0x000000077dc00000, 0x000000077f180000, 0x0000000782e00000)
  object space 22016K, 98% used [0x000000077dc00000,0x000000077f134038,0x000000077f180000)
Event: 20.889 GC heap after
Heap after GC invocations=6 (full 0):
 PSYoungGen      total 74752K, used 12055K [0x00000007d6480000, 0x00000007dbd80000, 0x0000000800000000)
  eden space 61440K, 0% used [0x00000007d6480000,0x00000007d6480000,0x00000007da080000)
  from space 13312K, 90% used [0x00000007daf80000,0x00000007dbb45f18,0x00000007dbc80000)
  to   space 14848K, 0% used [0x00000007da080000,0x00000007da080000,0x00000007daf00000)
 ParOldGen       total 84992K, used 18331K [0x0000000782e00000, 0x0000000788100000, 0x00000007d6480000)
  object space 84992K, 21% used [0x0000000782e00000,0x0000000783fe6ea8,0x0000000788100000)
 PSPermGen       total 22016K, used 21712K [0x000000077dc00000, 0x000000077f180000, 0x0000000782e00000)
  object space 22016K, 98% used [0x000000077dc00000,0x000000077f134038,0x000000077f180000)
}
Event: 21.061 GC heap before
{Heap before GC invocations=7 (full 0):
 PSYoungGen      total 74752K, used 73094K [0x00000007d6480000, 0x00000007dbd80000, 0x0000000800000000)
  eden space 61440K, 99% used [0x00000007d6480000,0x00000007da01bc48,0x00000007da080000)
  from space 13312K, 90% used [0x00000007daf80000,0x00000007dbb45f18,0x00000007dbc80000)
  to   space 14848K, 0% used [0x00000007da080000,0x00000007da080000,0x00000007daf00000)
 ParOldGen       total 84992K, used 18331K [0x0000000782e00000, 0x0000000788100000, 0x00000007d6480000)
  object space 84992K, 21% used [0x0000000782e00000,0x0000000783fe6ea8,0x0000000788100000)
 PSPermGen       total 22016K, used 21879K [0x000000077dc00000, 0x000000077f180000, 0x0000000782e00000)
  object space 22016K, 99% used [0x000000077dc00000,0x000000077f15dd10,0x000000077f180000)
Event: 21.075 GC heap after
Heap after GC invocations=7 (full 0):
 PSYoungGen      total 76288K, used 13463K [0x00000007d6480000, 0x00000007dbd80000, 0x0000000800000000)
  eden space 61440K, 0% used [0x00000007d6480000,0x00000007d6480000,0x00000007da080000)
  from space 14848K, 90% used [0x00000007da080000,0x00000007dada5c98,0x00000007daf00000)
  to   space 13312K, 0% used [0x00000007daf80000,0x00000007daf80000,0x00000007dbc80000)
 ParOldGen       total 84992K, used 20268K [0x0000000782e00000, 0x0000000788100000, 0x00000007d6480000)
  object space 84992K, 23% used [0x0000000782e00000,0x00000007841cb320,0x0000000788100000)
 PSPermGen       total 22016K, used 21879K [0x000000077dc00000, 0x000000077f180000, 0x0000000782e00000)
  object space 22016K, 99% used [0x000000077dc00000,0x000000077f15dd10,0x000000077f180000)
}
Event: 22.858 GC heap before
{Heap before GC invocations=8 (full 0):
 PSYoungGen      total 76288K, used 74903K [0x00000007d6480000, 0x00000007dbd80000, 0x0000000800000000)
  eden space 61440K, 100% used [0x00000007d6480000,0x00000007da080000,0x00000007da080000)
  from space 14848K, 90% used [0x00000007da080000,0x00000007dada5c98,0x00000007daf00000)
  to   space 13312K, 0% used [0x00000007daf80000,0x00000007daf80000,0x00000007dbc80000)
 ParOldGen       total 84992K, used 20268K [0x0000000782e00000, 0x0000000788100000, 0x00000007d6480000)
  object space 84992K, 23% used [0x0000000782e00000,0x00000007841cb320,0x0000000788100000)
 PSPermGen       total 22528K, used 22058K [0x000000077dc00000, 0x000000077f200000, 0x0000000782e00000)
  object space 22528K, 97% used [0x000000077dc00000,0x000000077f18a880,0x000000077f200000)
Event: 22.867 GC heap after
Heap after GC invocations=8 (full 0):
 PSYoungGen      total 74752K, used 4747K [0x00000007d6480000, 0x00000007dbd80000, 0x0000000800000000)
  eden space 61440K, 0% used [0x00000007d6480000,0x00000007d6480000,0x00000007da080000)
  from space 13312K, 35% used [0x00000007daf80000,0x00000007db422df8,0x00000007dbc80000)
  to   space 14848K, 0% used [0x00000007da080000,0x00000007da080000,0x00000007daf00000)
 ParOldGen       total 84992K, used 22796K [0x0000000782e00000, 0x0000000788100000, 0x00000007d6480000)
  object space 84992K, 26% used [0x0000000782e00000,0x0000000784443320,0x0000000788100000)
 PSPermGen       total 22528K, used 22058K [0x000000077dc00000, 0x000000077f200000, 0x0000000782e00000)
  object space 22528K, 97% used [0x000000077dc00000,0x000000077f18a880,0x000000077f200000)
}

Deoptimization events (10 events):
Event: 26.041 Thread 0x00000000031a2800 Uncommon trap: reason=bimorphic action=maybe_recompile pc=0x0000000003408ba4 method=java.util.regex.Pattern$CharProperty$1.isSatisfiedBy(I)Z @ 5
Event: 26.041 Thread 0x00000000031a2800 Uncommon trap: reason=bimorphic action=maybe_recompile pc=0x0000000003408ba4 method=java.util.regex.Pattern$CharProperty$1.isSatisfiedBy(I)Z @ 5
Event: 26.041 Thread 0x00000000031a2800 Uncommon trap: reason=bimorphic action=maybe_recompile pc=0x0000000003410e70 method=java.util.regex.Pattern$Branch.match(Ljava/util/regex/Matcher;ILjava/lang/CharSequence;)Z @ 50
Event: 26.073 Thread 0x00000000031a2800 Uncommon trap: reason=class_check action=maybe_recompile pc=0x0000000003518858 method=java.lang.StringCoding$StringDecoder.decode([BII)[C @ 30
Event: 26.074 Thread 0x00000000031a2800 Uncommon trap: reason=class_check action=maybe_recompile pc=0x0000000003518858 method=java.lang.StringCoding$StringDecoder.decode([BII)[C @ 30
Event: 26.080 Thread 0x00000000031a2800 Uncommon trap: reason=class_check action=maybe_recompile pc=0x0000000003518858 method=java.lang.StringCoding$StringDecoder.decode([BII)[C @ 30
Event: 26.087 Thread 0x00000000031a2800 Uncommon trap: reason=class_check action=maybe_recompile pc=0x000000000350ed98 method=java.lang.StringCoding$StringDecoder.decode([BII)[C @ 30
Event: 26.120 Thread 0x00000000031a2800 Uncommon trap: reason=bimorphic action=maybe_recompile pc=0x0000000003410e70 method=java.util.regex.Pattern$Branch.match(Ljava/util/regex/Matcher;ILjava/lang/CharSequence;)Z @ 50
Event: 26.120 Thread 0x00000000031a2800 Uncommon trap: reason=bimorphic action=maybe_recompile pc=0x0000000003410e70 method=java.util.regex.Pattern$Branch.match(Ljava/util/regex/Matcher;ILjava/lang/CharSequence;)Z @ 50
Event: 26.120 Thread 0x00000000031a2800 Uncommon trap: reason=bimorphic action=maybe_recompile pc=0x0000000003410e70 method=java.util.regex.Pattern$Branch.match(Ljava/util/regex/Matcher;ILjava/lang/CharSequence;)Z @ 50

Internal exceptions (10 events):
Event: 26.000 Thread 0x00000000031a2800 Threw 0x00000007d864bd30 at C:\jdk7u2_64p\jdk7u40\hotspot\src\share\vm\prims\jvm.cpp:1244
Event: 26.000 Thread 0x00000000031a2800 Threw 0x00000007d864c520 at C:\jdk7u2_64p\jdk7u40\hotspot\src\share\vm\prims\jvm.cpp:1244
Event: 26.001 Thread 0x00000000031a2800 Threw 0x00000007d86593c0 at C:\jdk7u2_64p\jdk7u40\hotspot\src\share\vm\prims\jvm.cpp:1244
Event: 26.001 Thread 0x00000000031a2800 Threw 0x00000007d8659ad0 at C:\jdk7u2_64p\jdk7u40\hotspot\src\share\vm\prims\jvm.cpp:1244
Event: 26.002 Thread 0x00000000031a2800 Threw 0x00000007d8663538 at C:\jdk7u2_64p\jdk7u40\hotspot\src\share\vm\prims\jvm.cpp:1244
Event: 26.002 Thread 0x00000000031a2800 Threw 0x00000007d8663c48 at C:\jdk7u2_64p\jdk7u40\hotspot\src\share\vm\prims\jvm.cpp:1244
Event: 26.002 Thread 0x00000000031a2800 Threw 0x00000007d866abd8 at C:\jdk7u2_64p\jdk7u40\hotspot\src\share\vm\prims\jvm.cpp:1244
Event: 26.002 Thread 0x00000000031a2800 Threw 0x00000007d866b498 at C:\jdk7u2_64p\jdk7u40\hotspot\src\share\vm\prims\jvm.cpp:1244
Event: 26.002 Thread 0x00000000031a2800 Threw 0x00000007d8671cd8 at C:\jdk7u2_64p\jdk7u40\hotspot\src\share\vm\prims\jvm.cpp:1244
Event: 26.002 Thread 0x00000000031a2800 Threw 0x00000007d8672418 at C:\jdk7u2_64p\jdk7u40\hotspot\src\share\vm\prims\jvm.cpp:1244

Events (10 events):
Event: 26.140 loading class 0x000000000e553e40 done
Event: 26.143 loading class 0x000000000df275c0
Event: 26.144 loading class 0x000000000df275c0 done
Event: 26.145 Thread 0x000000000b426000 flushing nmethod 0x00000000034c8d10
Event: 26.151 loading class 0x000000000df273e0
Event: 26.151 loading class 0x000000000df273e0 done
Event: 26.151 loading class 0x000000000e55b430
Event: 26.151 loading class 0x000000000e55b430 done
Event: 26.155 loading class 0x000000000df27700
Event: 26.155 loading class 0x000000000df27700 done


Dynamic libraries:
0x00007ff71e230000 - 0x00007ff71e263000 	C:\Program Files\Java\jdk1.7.0_40\bin\javaw.exe
0x00007ffb5fd00000 - 0x00007ffb5fedb000 	C:\WINDOWS\SYSTEM32\ntdll.dll
0x00007ffb5fc50000 - 0x00007ffb5fcfe000 	C:\WINDOWS\System32\KERNEL32.DLL
0x00007ffb5c3d0000 - 0x00007ffb5c619000 	C:\WINDOWS\System32\KERNELBASE.dll
0x00007ffb5d3d0000 - 0x00007ffb5d471000 	C:\WINDOWS\System32\ADVAPI32.dll
0x00007ffb5d4e0000 - 0x00007ffb5d57d000 	C:\WINDOWS\System32\msvcrt.dll
0x00007ffb5d580000 - 0x00007ffb5d5d9000 	C:\WINDOWS\System32\sechost.dll
0x00007ffb5f510000 - 0x00007ffb5f635000 	C:\WINDOWS\System32\RPCRT4.dll
0x00007ffb5f820000 - 0x00007ffb5f96a000 	C:\WINDOWS\System32\USER32.dll
0x00007ffb5c220000 - 0x00007ffb5c23e000 	C:\WINDOWS\System32\win32u.dll
0x00007ffb5f7f0000 - 0x00007ffb5f817000 	C:\WINDOWS\System32\GDI32.dll
0x00007ffb5c240000 - 0x00007ffb5c3c7000 	C:\WINDOWS\System32\gdi32full.dll
0x00007ffb5d1c0000 - 0x00007ffb5d25a000 	C:\WINDOWS\System32\msvcp_win.dll
0x00007ffb5c860000 - 0x00007ffb5c956000 	C:\WINDOWS\System32\ucrtbase.dll
0x00007ffb4b510000 - 0x00007ffb4b777000 	C:\WINDOWS\WinSxS\amd64_microsoft.windows.common-controls_6595b64144ccf1df_6.0.15063.483_none_26002d27e7c744a2\COMCTL32.dll
0x00007ffb5eb90000 - 0x00007ffb5ee89000 	C:\WINDOWS\System32\combase.dll
0x00007ffb5c7f0000 - 0x00007ffb5c85a000 	C:\WINDOWS\System32\bcryptPrimitives.dll
0x00007ffb5f970000 - 0x00007ffb5f99d000 	C:\WINDOWS\System32\IMM32.DLL
0x0000000074320000 - 0x00000000743f1000 	C:\Program Files\Java\jdk1.7.0_40\jre\bin\msvcr100.dll
0x0000000073190000 - 0x0000000073959000 	C:\Program Files\Java\jdk1.7.0_40\jre\bin\server\jvm.dll
0x00007ffb5f9a0000 - 0x00007ffb5f9a8000 	C:\WINDOWS\System32\PSAPI.DLL
0x00007ffb51a10000 - 0x00007ffb51a19000 	C:\WINDOWS\SYSTEM32\WSOCK32.dll
0x00007ffb4f640000 - 0x00007ffb4f663000 	C:\WINDOWS\SYSTEM32\WINMM.dll
0x00007ffb5f350000 - 0x00007ffb5f3bc000 	C:\WINDOWS\System32\WS2_32.dll
0x00007ffb4f5e0000 - 0x00007ffb4f60b000 	C:\WINDOWS\SYSTEM32\winmmbase.dll
0x00007ffb5c960000 - 0x00007ffb5c9a9000 	C:\WINDOWS\System32\cfgmgr32.dll
0x0000000074600000 - 0x000000007460f000 	C:\Program Files\Java\jdk1.7.0_40\jre\bin\verify.dll
0x00000000745d0000 - 0x00000000745f8000 	C:\Program Files\Java\jdk1.7.0_40\jre\bin\java.dll
0x00000000745b0000 - 0x00000000745c5000 	C:\Program Files\Java\jdk1.7.0_40\jre\bin\zip.dll
0x0000000074560000 - 0x0000000074579000 	C:\Program Files\Java\jdk1.7.0_40\jre\bin\net.dll
0x00007ffb5ba20000 - 0x00007ffb5ba7c000 	C:\WINDOWS\system32\mswsock.dll
0x0000000074540000 - 0x0000000074551000 	C:\Program Files\Java\jdk1.7.0_40\jre\bin\nio.dll
0x00007ffb5bbc0000 - 0x00007ffb5bbd7000 	C:\WINDOWS\SYSTEM32\CRYPTSP.dll
0x00007ffb5b640000 - 0x00007ffb5b674000 	C:\WINDOWS\system32\rsaenh.dll
0x00007ffb5c0b0000 - 0x00007ffb5c0d5000 	C:\WINDOWS\SYSTEM32\bcrypt.dll
0x00007ffb5c040000 - 0x00007ffb5c069000 	C:\WINDOWS\SYSTEM32\USERENV.dll
0x00007ffb5c170000 - 0x00007ffb5c185000 	C:\WINDOWS\System32\profapi.dll
0x00007ffb5c030000 - 0x00007ffb5c03b000 	C:\WINDOWS\SYSTEM32\CRYPTBASE.dll
0x00007ffb4e4d0000 - 0x00007ffb4e4e6000 	C:\WINDOWS\system32\napinsp.dll
0x00007ffb4d830000 - 0x00007ffb4d84a000 	C:\WINDOWS\system32\pnrpnsp.dll
0x00007ffb57e40000 - 0x00007ffb57e58000 	C:\WINDOWS\system32\NLAapi.dll
0x00007ffb5b800000 - 0x00007ffb5b8a4000 	C:\WINDOWS\SYSTEM32\DNSAPI.dll
0x00007ffb5d260000 - 0x00007ffb5d268000 	C:\WINDOWS\System32\NSI.dll
0x00007ffb5b7c0000 - 0x00007ffb5b7f7000 	C:\WINDOWS\SYSTEM32\IPHLPAPI.DLL
0x00007ffb57f00000 - 0x00007ffb57f0e000 	C:\WINDOWS\System32\winrnr.dll
0x00007ffb51430000 - 0x00007ffb51445000 	C:\WINDOWS\System32\wshbth.dll
0x00007ffb53280000 - 0x00007ffb5328a000 	C:\Windows\System32\rasadhlp.dll
0x00007ffb54cd0000 - 0x00007ffb54d3b000 	C:\WINDOWS\System32\fwpuclnt.dll
0x0000000074580000 - 0x00000000745a4000 	C:\Program Files\Java\jdk1.7.0_40\jre\bin\sunec.dll
0x0000000074310000 - 0x000000007431b000 	C:\Program Files\Java\jdk1.7.0_40\jre\bin\sunmscapi.dll
0x00007ffb5c620000 - 0x00007ffb5c7e9000 	C:\WINDOWS\System32\CRYPT32.dll
0x00007ffb5c200000 - 0x00007ffb5c211000 	C:\WINDOWS\System32\MSASN1.dll

VM Arguments:
jvm_args: -Dmaven.home=EMBEDDED -Dclassworlds.conf=S:\VS_WS\sbi-static-content\.metadata\.plugins\org.eclipse.m2e.launching\launches\m2conf6484523336789641135.tmp -Dmaven.multiModuleProjectDirectory=S:\VS_WS\sbi-static-content\spring-angular -Dfile.encoding=Cp1252 
java_command: org.codehaus.plexus.classworlds.launcher.Launcher -B install
Launcher Type: SUN_STANDARD

Environment Variables:
JAVA_HOME=C:\Program Files\Java\jdk1.8.0_151
CLASSPATH=S:\softwares\apache-tomcat-8.0.8\lib\servlet-api.jar
USERNAME=ravichandra
OS=Windows_NT
PROCESSOR_IDENTIFIER=Intel64 Family 6 Model 58 Stepping 9, GenuineIntel



---------------  S Y S T E M  ---------------

OS: Windows 8 , 64 bit Build 9200 

CPU:total 4 (2 cores per cpu, 2 threads per core) family 6 model 58 stepping 9, cmov, cx8, fxsr, mmx, sse, sse2, sse3, ssse3, sse4.1, sse4.2, popcnt, avx, aes, erms, ht, tsc, tscinvbit, tscinv

Memory: 4k page, physical 8199448k(3574956k free), swap 20389144k(4104k free)

vm_info: Java HotSpot(TM) 64-Bit Server VM (24.0-b56) for windows-amd64 JRE (1.7.0_40-b43), built on Aug 26 2013 22:38:32 by "java_re" with unknown MS VC++:1600

time: Mon Nov 27 08:42:21 2017
elapsed time: 26 seconds

